
> osaka-univ-theme-match@1.0.0 dev
> NODE_OPTIONS='--max-old-space-size=4096' nuxt dev

[nuxi] Nuxt 3.17.5 with Nitro 2.11.12

  ➜ Local:    http://localhost:3000/
  ➜ Network:  use --host to expose

[nuxt:tailwindcss] ℹ Using default Tailwind CSS file
[nuxt:tailwindcss] ℹ Tailwind Viewer: http://localhost:3000/_tailwind/
✔ Vite client built in 21ms
✔ Vite server built in 154ms
[nitro] ✔ Nuxt Nitro server built in 338ms
ℹ Vite client warmed up in 1ms
ℹ hmr update /pages/researcher/[id].vue?macro=true, /@id/virtual:nuxt:%2FUsers%2Fyuyasato%2FDocuments%2Fdevs%2FOsakaUniv_ThemeMatch%2FOsakaUniv_ThemeMatch_Public%2F.nuxt%2Froutes.mjs

[nuxt]  WARN  Failed to parse static properties from plugin node_modules/nuxt/dist/pages/runtime/plugins/prerender.server. ENOENT: no such file or directory, open '/Users/yuyasato/Documents/devs/OsakaUniv_ThemeMatch/OsakaUniv_ThemeMatch_Public/node_modules/nuxt/dist/pages/runtime/plugins/prerender.server'

    at async open (node:internal/fs/promises:638:25)
    at async Object.readFile (node:internal/fs/promises:1238:14)
    at async annotatePlugins (node_modules/nuxt/dist/shared/nuxt.DAkeCY9U.mjs:6876:68)
    at async Object.getContents (node_modules/nuxt/dist/shared/nuxt.DAkeCY9U.mjs:6192:27)
    at async processTemplate (node_modules/nuxt/dist/shared/nuxt.DAkeCY9U.mjs:6728:22)
    at async Promise.allSettled (index 2)
    at async generateApp (node_modules/nuxt/dist/shared/nuxt.DAkeCY9U.mjs:6754:3)
    at async _applyPromised (node_modules/perfect-debounce/dist/index.mjs:54:10)


[nuxt]  WARN  Failed to parse static properties from plugin node_modules/nuxt/dist/pages/runtime/plugins/prerender.server. ENOENT: no such file or directory, open '/Users/yuyasato/Documents/devs/OsakaUniv_ThemeMatch/OsakaUniv_ThemeMatch_Public/node_modules/nuxt/dist/pages/runtime/plugins/prerender.server'

    at async open (node:internal/fs/promises:638:25)
    at async Object.readFile (node:internal/fs/promises:1238:14)
    at async annotatePlugins (node_modules/nuxt/dist/shared/nuxt.DAkeCY9U.mjs:6876:68)
    at async Object.getContents (node_modules/nuxt/dist/shared/nuxt.DAkeCY9U.mjs:6235:26)
    at async processTemplate (node_modules/nuxt/dist/shared/nuxt.DAkeCY9U.mjs:6728:22)
    at async Promise.allSettled (index 1)
    at async generateApp (node_modules/nuxt/dist/shared/nuxt.DAkeCY9U.mjs:6754:3)
    at async _applyPromised (node_modules/perfect-debounce/dist/index.mjs:54:10)

ℹ page reload virtual:nuxt:%2FUsers%2Fyuyasato%2FDocuments%2Fdevs%2FOsakaUniv_ThemeMatch%2FOsakaUniv_ThemeMatch_Public%2F.nuxt%2Fmiddleware.mjs
ℹ page reload virtual:nuxt:%2FUsers%2Fyuyasato%2FDocuments%2Fdevs%2FOsakaUniv_ThemeMatch%2FOsakaUniv_ThemeMatch_Public%2F.nuxt%2Fmiddleware.mjs (x2)
ℹ hmr update /pages/researcher/[id].vue?macro=true, /@id/virtual:nuxt:%2FUsers%2Fyuyasato%2FDocuments%2Fdevs%2FOsakaUniv_ThemeMatch%2FOsakaUniv_ThemeMatch_Public%2F.nuxt%2Froutes.mjs
ℹ hmr update /pages/researcher/[id].vue?macro=true, /@id/virtual:nuxt:%2FUsers%2Fyuyasato%2FDocuments%2Fdevs%2FOsakaUniv_ThemeMatch%2FOsakaUniv_ThemeMatch_Public%2F.nuxt%2Froutes.mjs (x2)
ℹ hmr update /pages/researchers.vue, /node_modules/tailwindcss/tailwind.css, /assets/css/main.css, /pages/researchers.vue?macro=true, /@id/virtual:nuxt:%2FUsers%2Fyuyasato%2FDocuments%2Fdevs%2FOsakaUniv_ThemeMatch%2FOsakaUniv_ThemeMatch_Public%2F.nuxt%2Froutes.mjs
[nitro] ✔ Nuxt Nitro server built in 710ms
ℹ hmr update /pages/index.vue, /node_modules/tailwindcss/tailwind.css, /assets/css/main.css, /pages/index.vue?macro=true, /@id/virtual:nuxt:%2FUsers%2Fyuyasato%2FDocuments%2Fdevs%2FOsakaUniv_ThemeMatch%2FOsakaUniv_ThemeMatch_Public%2F.nuxt%2Froutes.mjs

 WARN  'manifest-route-rule' middleware already exists at '/Users/yuyasato/Documents/devs/OsakaUniv_ThemeMatch/OsakaUniv_ThemeMatch_Public/node_modules/nuxt/dist/app/middleware/manifest-route-rule.js'. You can set override: true to replace it.


 WARN  'manifest-route-rule' middleware already exists at '/Users/yuyasato/Documents/devs/OsakaUniv_ThemeMatch/OsakaUniv_ThemeMatch_Public/node_modules/nuxt/dist/app/middleware/manifest-route-rule.js'. You can set override: true to replace it.


[nuxt]  WARN  Failed to parse static properties from plugin node_modules/nuxt/dist/pages/runtime/plugins/prerender.server. ENOENT: no such file or directory, open '/Users/yuyasato/Documents/devs/OsakaUniv_ThemeMatch/OsakaUniv_ThemeMatch_Public/node_modules/nuxt/dist/pages/runtime/plugins/prerender.server'

    at async open (node:internal/fs/promises:638:25)
    at async Object.readFile (node:internal/fs/promises:1238:14)
    at async annotatePlugins (node_modules/nuxt/dist/shared/nuxt.DAkeCY9U.mjs:6876:68)
    at async Object.getContents (node_modules/nuxt/dist/shared/nuxt.DAkeCY9U.mjs:6192:27)
    at async processTemplate (node_modules/nuxt/dist/shared/nuxt.DAkeCY9U.mjs:6728:22)
    at async Promise.allSettled (index 2)
    at async generateApp (node_modules/nuxt/dist/shared/nuxt.DAkeCY9U.mjs:6754:3)
    at async _applyPromised (node_modules/perfect-debounce/dist/index.mjs:54:10)


[nuxt]  WARN  Failed to parse static properties from plugin node_modules/nuxt/dist/pages/runtime/plugins/prerender.server. ENOENT: no such file or directory, open '/Users/yuyasato/Documents/devs/OsakaUniv_ThemeMatch/OsakaUniv_ThemeMatch_Public/node_modules/nuxt/dist/pages/runtime/plugins/prerender.server'

    at async open (node:internal/fs/promises:638:25)
    at async Object.readFile (node:internal/fs/promises:1238:14)
    at async annotatePlugins (node_modules/nuxt/dist/shared/nuxt.DAkeCY9U.mjs:6876:68)
    at async Object.getContents (node_modules/nuxt/dist/shared/nuxt.DAkeCY9U.mjs:6235:26)
    at async processTemplate (node_modules/nuxt/dist/shared/nuxt.DAkeCY9U.mjs:6728:22)
    at async Promise.allSettled (index 1)
    at async generateApp (node_modules/nuxt/dist/shared/nuxt.DAkeCY9U.mjs:6754:3)
    at async _applyPromised (node_modules/perfect-debounce/dist/index.mjs:54:10)

ℹ page reload virtual:nuxt:%2FUsers%2Fyuyasato%2FDocuments%2Fdevs%2FOsakaUniv_ThemeMatch%2FOsakaUniv_ThemeMatch_Public%2F.nuxt%2Fplugins.client.mjs
ℹ page reload virtual:nuxt:%2FUsers%2Fyuyasato%2FDocuments%2Fdevs%2FOsakaUniv_ThemeMatch%2FOsakaUniv_ThemeMatch_Public%2F.nuxt%2Fplugins.client.mjs (x2)
ℹ hmr update /pages/index.vue, /node_modules/tailwindcss/tailwind.css, /assets/css/main.css, /pages/index.vue?macro=true, /@id/virtual:nuxt:%2FUsers%2Fyuyasato%2FDocuments%2Fdevs%2FOsakaUniv_ThemeMatch%2FOsakaUniv_ThemeMatch_Public%2F.nuxt%2Froutes.mjs
ℹ hmr update /pages/index.vue, /node_modules/tailwindcss/tailwind.css, /assets/css/main.css, /pages/index.vue?macro=true, /@id/virtual:nuxt:%2FUsers%2Fyuyasato%2FDocuments%2Fdevs%2FOsakaUniv_ThemeMatch%2FOsakaUniv_ThemeMatch_Public%2F.nuxt%2Froutes.mjs (x2)

 WARN  'manifest-route-rule' middleware already exists at '/Users/yuyasato/Documents/devs/OsakaUniv_ThemeMatch/OsakaUniv_ThemeMatch_Public/node_modules/nuxt/dist/app/middleware/manifest-route-rule.js'. You can set override: true to replace it.


[nuxt]  WARN  Failed to parse static properties from plugin node_modules/nuxt/dist/pages/runtime/plugins/prerender.server. ENOENT: no such file or directory, open '/Users/yuyasato/Documents/devs/OsakaUniv_ThemeMatch/OsakaUniv_ThemeMatch_Public/node_modules/nuxt/dist/pages/runtime/plugins/prerender.server'

    at async open (node:internal/fs/promises:638:25)
    at async Object.readFile (node:internal/fs/promises:1238:14)
    at async annotatePlugins (node_modules/nuxt/dist/shared/nuxt.DAkeCY9U.mjs:6876:68)
    at async Object.getContents (node_modules/nuxt/dist/shared/nuxt.DAkeCY9U.mjs:6192:27)
    at async processTemplate (node_modules/nuxt/dist/shared/nuxt.DAkeCY9U.mjs:6728:22)
    at async Promise.allSettled (index 2)
    at async generateApp (node_modules/nuxt/dist/shared/nuxt.DAkeCY9U.mjs:6754:3)
    at async _applyPromised (node_modules/perfect-debounce/dist/index.mjs:54:10)

[nuxt] ℹ Compiled plugins.server.mjs in 729.68ms
[nuxt] ℹ Compiled plugins.client.mjs in 915.59ms

[nuxt]  WARN  Failed to parse static properties from plugin node_modules/nuxt/dist/pages/runtime/plugins/prerender.server. ENOENT: no such file or directory, open '/Users/yuyasato/Documents/devs/OsakaUniv_ThemeMatch/OsakaUniv_ThemeMatch_Public/node_modules/nuxt/dist/pages/runtime/plugins/prerender.server'

    at async open (node:internal/fs/promises:638:25)
    at async Object.readFile (node:internal/fs/promises:1238:14)
    at async annotatePlugins (node_modules/nuxt/dist/shared/nuxt.DAkeCY9U.mjs:6876:68)
    at async Object.getContents (node_modules/nuxt/dist/shared/nuxt.DAkeCY9U.mjs:6235:26)
    at async processTemplate (node_modules/nuxt/dist/shared/nuxt.DAkeCY9U.mjs:6728:22)
    at async Promise.allSettled (index 1)
    at async generateApp (node_modules/nuxt/dist/shared/nuxt.DAkeCY9U.mjs:6754:3)
    at async _applyPromised (node_modules/perfect-debounce/dist/index.mjs:54:10)

[nuxt] ℹ Compiled types/plugins.d.ts in 928.5ms
ℹ hmr update /node_modules/tailwindcss/tailwind.css, /assets/css/main.css, /pages/index.vue, /layouts/default.vue, /pages/researchers.vue, /pages/auth/login.vue, /pages/settings.vue
ℹ hmr update /node_modules/tailwindcss/tailwind.css, /assets/css/main.css, /pages/index.vue, /layouts/default.vue, /pages/researchers.vue, /pages/auth/login.vue, /pages/settings.vue (x2)
ℹ hmr update /pages/researchers.vue, /node_modules/tailwindcss/tailwind.css, /assets/css/main.css, /pages/researchers.vue?macro=true, /@id/virtual:nuxt:%2FUsers%2Fyuyasato%2FDocuments%2Fdevs%2FOsakaUniv_ThemeMatch%2FOsakaUniv_ThemeMatch_Public%2F.nuxt%2Froutes.mjs

 WARN  'manifest-route-rule' middleware already exists at '/Users/yuyasato/Documents/devs/OsakaUniv_ThemeMatch/OsakaUniv_ThemeMatch_Public/node_modules/nuxt/dist/app/middleware/manifest-route-rule.js'. You can set override: true to replace it.

ℹ hmr update /pages/researchers.vue, /node_modules/tailwindcss/tailwind.css, /assets/css/main.css, /pages/researchers.vue?macro=true, /@id/virtual:nuxt:%2FUsers%2Fyuyasato%2FDocuments%2Fdevs%2FOsakaUniv_ThemeMatch%2FOsakaUniv_ThemeMatch_Public%2F.nuxt%2Froutes.mjs (x2)
ℹ hmr update /pages/researchers.vue, /node_modules/tailwindcss/tailwind.css, /assets/css/main.css, /pages/researchers.vue?macro=true, /@id/virtual:nuxt:%2FUsers%2Fyuyasato%2FDocuments%2Fdevs%2FOsakaUniv_ThemeMatch%2FOsakaUniv_ThemeMatch_Public%2F.nuxt%2Froutes.mjs (x3)

 WARN  'manifest-route-rule' middleware already exists at '/Users/yuyasato/Documents/devs/OsakaUniv_ThemeMatch/OsakaUniv_ThemeMatch_Public/node_modules/nuxt/dist/app/middleware/manifest-route-rule.js'. You can set override: true to replace it.


[nuxt]  WARN  Failed to parse static properties from plugin node_modules/nuxt/dist/pages/runtime/plugins/prerender.server. ENOENT: no such file or directory, open '/Users/yuyasato/Documents/devs/OsakaUniv_ThemeMatch/OsakaUniv_ThemeMatch_Public/node_modules/nuxt/dist/pages/runtime/plugins/prerender.server'

    at async open (node:internal/fs/promises:638:25)
    at async Object.readFile (node:internal/fs/promises:1238:14)
    at async annotatePlugins (node_modules/nuxt/dist/shared/nuxt.DAkeCY9U.mjs:6876:68)
    at async Object.getContents (node_modules/nuxt/dist/shared/nuxt.DAkeCY9U.mjs:6192:27)
    at async processTemplate (node_modules/nuxt/dist/shared/nuxt.DAkeCY9U.mjs:6728:22)
    at async Promise.allSettled (index 2)
    at async generateApp (node_modules/nuxt/dist/shared/nuxt.DAkeCY9U.mjs:6754:3)
    at async _applyPromised (node_modules/perfect-debounce/dist/index.mjs:54:10)


[nuxt]  WARN  Failed to parse static properties from plugin node_modules/nuxt/dist/pages/runtime/plugins/prerender.server. ENOENT: no such file or directory, open '/Users/yuyasato/Documents/devs/OsakaUniv_ThemeMatch/OsakaUniv_ThemeMatch_Public/node_modules/nuxt/dist/pages/runtime/plugins/prerender.server'

    at async open (node:internal/fs/promises:638:25)
    at async Object.readFile (node:internal/fs/promises:1238:14)
    at async annotatePlugins (node_modules/nuxt/dist/shared/nuxt.DAkeCY9U.mjs:6876:68)
    at async Object.getContents (node_modules/nuxt/dist/shared/nuxt.DAkeCY9U.mjs:6235:26)
    at async processTemplate (node_modules/nuxt/dist/shared/nuxt.DAkeCY9U.mjs:6728:22)
    at async Promise.allSettled (index 1)
    at async generateApp (node_modules/nuxt/dist/shared/nuxt.DAkeCY9U.mjs:6754:3)
    at async _applyPromised (node_modules/perfect-debounce/dist/index.mjs:54:10)

